<?xml version="1.0" encoding="UTF-8"?>
<!-- Generated by org.testng.reporters.JUnitXMLReporter -->
<testsuite hostname="LAPTOP-IJEB1SRB" name="Test" tests="31" failures="10" timestamp="30 Jan 2018 05:43:21 GMT" time="40.191" errors="0">
  <testcase name="brandType" time="2.81" classname="com.groupid.firstmavenproject.CCMApiTest"/>
  <testcase name="getcountry" time="1.697" classname="com.groupid.firstmavenproject.CCMApiTest"/>
  <testcase name="categoryType" time="1.184" classname="com.groupid.firstmavenproject.CCMApiTest"/>
  <testcase name="submitFeedback" time="0.245" classname="com.groupid.firstmavenproject.CCMApiTest">
    <failure type="java.lang.NullPointerException">
      <![CDATA[java.lang.NullPointerException
	at com.groupid.firstmavenproject.CCMApiTest.submitFeedback(CCMApiTest.java:142)
... Removed 24 stack frames]]>
    </failure>
  </testcase> <!-- submitFeedback -->
  <testcase name="registerUser" time="1.1" classname="com.groupid.firstmavenproject.CCMApiTest">
    <failure type="java.lang.AssertionError" message="expected [200] but found [400]">
      <![CDATA[java.lang.AssertionError: expected [200] but found [400]
	at com.groupid.firstmavenproject.CCMApiTest.registerUser(CCMApiTest.java:178)
... Removed 29 stack frames]]>
    </failure>
  </testcase> <!-- registerUser -->
  <testcase name="ccmLogin" time="1.754" classname="com.groupid.firstmavenproject.CCMApiTest"/>
  <testcase name="myRewards" time="1.041" classname="com.groupid.firstmavenproject.CCMApiTest"/>
  <testcase name="updatedevicedetails" time="1.18" classname="com.groupid.firstmavenproject.CCMApiTest">
    <failure type="java.lang.AssertionError" message="expected [200] but found [400]">
      <![CDATA[java.lang.AssertionError: expected [200] but found [400]
	at com.groupid.firstmavenproject.CCMApiTest.updatedevicedetails(CCMApiTest.java:338)
... Removed 29 stack frames]]>
    </failure>
  </testcase> <!-- updatedevicedetails -->
  <testcase name="forgotpassword" time="0.983" classname="com.groupid.firstmavenproject.CCMApiTest"/>
  <testcase name="myprofile" time="1.027" classname="com.groupid.firstmavenproject.CCMApiTest"/>
  <testcase name="updateprofile" time="0.946" classname="com.groupid.firstmavenproject.CCMApiTest">
    <failure type="java.lang.AssertionError" message="expected [200] but found [400]">
      <![CDATA[java.lang.AssertionError: expected [200] but found [400]
	at com.groupid.firstmavenproject.CCMApiTest.updateprofile(CCMApiTest.java:451)
... Removed 29 stack frames]]>
    </failure>
  </testcase> <!-- updateprofile -->
  <testcase name="changepassword" time="1.06" classname="com.groupid.firstmavenproject.CCMApiTest">
    <failure type="java.lang.AssertionError" message="expected [200] but found [400]">
      <![CDATA[java.lang.AssertionError: expected [200] but found [400]
	at com.groupid.firstmavenproject.CCMApiTest.changepassword(CCMApiTest.java:488)
... Removed 29 stack frames]]>
    </failure>
  </testcase> <!-- changepassword -->
  <testcase name="sendverificationlink" time="1.002" classname="com.groupid.firstmavenproject.CCMApiTest"/>
  <testcase name="productlist" time="1.268" classname="com.groupid.firstmavenproject.CCMApiTest"/>
  <testcase name="productimage" time="1.006" classname="com.groupid.firstmavenproject.CCMApiTest">
    <failure type="java.lang.AssertionError" message="expected [200] but found [400]">
      <![CDATA[java.lang.AssertionError: expected [200] but found [400]
	at com.groupid.firstmavenproject.CCMApiTest.productimage(CCMApiTest.java:627)
... Removed 29 stack frames]]>
    </failure>
  </testcase> <!-- productimage -->
  <testcase name="basicpages" time="1.09" classname="com.groupid.firstmavenproject.CCMApiTest"/>
  <testcase name="getfeedbacktype" time="1.055" classname="com.groupid.firstmavenproject.CCMApiTest"/>
  <testcase name="giftdetail" time="1.159" classname="com.groupid.firstmavenproject.CCMApiTest"/>
  <testcase name="mypoints" time="1.038" classname="com.groupid.firstmavenproject.CCMApiTest"/>
  <testcase name="mygifts" time="1.024" classname="com.groupid.firstmavenproject.CCMApiTest"/>
  <testcase name="advertisementsdetail" time="0.97" classname="com.groupid.firstmavenproject.CCMApiTest">
    <failure type="java.lang.AssertionError" message="expected [200] but found [404]">
      <![CDATA[java.lang.AssertionError: expected [200] but found [404]
	at com.groupid.firstmavenproject.CCMApiTest.advertisementsdetail(CCMApiTest.java:800)
... Removed 29 stack frames]]>
    </failure>
  </testcase> <!-- advertisementsdetail -->
  <testcase name="advertisementsdelete" time="0.988" classname="com.groupid.firstmavenproject.CCMApiTest">
    <failure type="java.lang.AssertionError" message="expected [200] but found [403]">
      <![CDATA[java.lang.AssertionError: expected [200] but found [403]
	at com.groupid.firstmavenproject.CCMApiTest.advertisementsdelete(CCMApiTest.java:830)
... Removed 29 stack frames]]>
    </failure>
  </testcase> <!-- advertisementsdelete -->
  <testcase name="promotionlist" time="1.257" classname="com.groupid.firstmavenproject.CCMApiTest"/>
  <testcase name="promotionproductlist" time="2.92" classname="com.groupid.firstmavenproject.CCMApiTest"/>
  <testcase name="userpoint" time="1.013" classname="com.groupid.firstmavenproject.CCMApiTest"/>
  <testcase name="usergiftlist" time="1.063" classname="com.groupid.firstmavenproject.CCMApiTest"/>
  <testcase name="productstore" time="1.046" classname="com.groupid.firstmavenproject.CCMApiTest"/>
  <testcase name="advertisementgetproduct" time="3.414" classname="com.groupid.firstmavenproject.CCMApiTest"/>
  <testcase name="randomadvertisement" time="1.177" classname="com.groupid.firstmavenproject.CCMApiTest">
    <failure type="java.lang.AssertionError" message="expected [200] but found [500]">
      <![CDATA[java.lang.AssertionError: expected [200] but found [500]
	at com.groupid.firstmavenproject.CCMApiTest.randomadvertisement(CCMApiTest.java:1286)
... Removed 29 stack frames]]>
    </failure>
  </testcase> <!-- randomadvertisement -->
  <testcase name="advertisementlist" time="0.984" classname="com.groupid.firstmavenproject.CCMApiTest">
    <failure type="java.lang.AssertionError" message="expected [200] but found [500]">
      <![CDATA[java.lang.AssertionError: expected [200] but found [500]
	at com.groupid.firstmavenproject.CCMApiTest.advertisementlist(CCMApiTest.java:1359)
... Removed 29 stack frames]]>
    </failure>
  </testcase> <!-- advertisementlist -->
  <testcase name="logOut" time="1.145" classname="com.groupid.firstmavenproject.CCMApiTest"/>
</testsuite> <!-- Test -->
